<?xml version="1.0" encoding="UTF-8"?>
<!-- Generated by org.testng.reporters.JUnitReportReporter -->
<testsuite skipped="0" hostname="Nguyens-MacBook-Air.local" name="modules.BMITest" tests="1" failures="0" timestamp="16 Sep 2017 15:24:21 GMT" time="0.011" errors="0">
  <testcase name="test" time="0.011" classname="modules.BMITest"/>
</testsuite> <!-- modules.BMITest -->
