<?xml version="1.0" encoding="UTF-8"?>
<!-- Generated by org.testng.reporters.JUnitReportReporter -->
<testsuite skipped="0" hostname="WINDOWS-ILKFOIC" name="objects.CreateRequestTest" tests="1" failures="0" timestamp="14 Sep 2017 04:53:57 GMT" time="69.597" errors="0">
  <testcase name="testcase01" time="69.597" classname="objects.CreateRequestTest"/>
</testsuite> <!-- objects.CreateRequestTest -->
